[2022-05-18T01:04:01.382Z] Validating found git in: git
[2022-05-18T01:04:01.409Z] Using git 2.30.0 from git
[2022-05-18T01:04:01.438Z] > git rev-parse --show-toplevel [23ms]
[2022-05-18T01:04:01.486Z] > git rev-parse --git-dir --git-common-dir [36ms]
[2022-05-18T01:04:01.490Z] Open repository: /home/user/workspace
[2022-05-18T01:04:01.834Z] > git ls-files --stage -- /home/user/workspace/casino.cpp [17ms]
[2022-05-18T01:04:01.878Z] > git cat-file -s 63e88db200027af5b6c8a4192044e4eee193d5b0 [35ms]
[2022-05-18T01:04:01.879Z] > git show --textconv :casino.cpp [65ms]
[2022-05-18T01:04:02.100Z] > git check-ignore -v -z --stdin [24ms]
[2022-05-18T01:04:02.111Z] > git fetch [616ms]
[2022-05-18T01:04:03.096Z] > git status -z -uall [1595ms]
[2022-05-18T01:04:03.121Z] > git symbolic-ref --short HEAD [23ms]
[2022-05-18T01:04:03.206Z] > git for-each-ref --format=%(refname)%00%(upstream:short)%00%(objectname)%00%(upstream:track)%00%(upstream:remotename)%00%(upstream:remoteref) refs/heads/main refs/remotes/main [82ms]
[2022-05-18T01:04:03.225Z] > git remote --verbose [14ms]
[2022-05-18T01:04:03.257Z] > git for-each-ref --sort -committerdate --format %(refname) %(objectname) %(*objectname) [48ms]
[2022-05-18T01:04:03.280Z] > git config --get commit.template [12ms]
[2022-05-18T01:04:04.490Z] > git status -z -uall [1205ms]
[2022-05-18T01:04:04.517Z] > git symbolic-ref --short HEAD [24ms]
[2022-05-18T01:04:04.592Z] > git for-each-ref --format=%(refname)%00%(upstream:short)%00%(objectname)%00%(upstream:track)%00%(upstream:remotename)%00%(upstream:remoteref) refs/heads/main refs/remotes/main [72ms]
[2022-05-18T01:04:04.608Z] > git remote --verbose [11ms]
[2022-05-18T01:04:04.643Z] > git for-each-ref --sort -committerdate --format %(refname) %(objectname) %(*objectname) [48ms]
[2022-05-18T01:04:04.664Z] > git config --get commit.template [11ms]
[2022-05-18T01:04:16.764Z] > git check-ignore -v -z --stdin [64ms]
[2022-05-18T01:04:25.035Z] > git push Week-7 main [1271ms]
[2022-05-18T01:04:25.035Z] Everything up-to-date
[2022-05-18T01:04:26.401Z] > git status -z -uall [1363ms]
[2022-05-18T01:04:26.427Z] > git symbolic-ref --short HEAD [23ms]
[2022-05-18T01:04:26.518Z] > git for-each-ref --format=%(refname)%00%(upstream:short)%00%(objectname)%00%(upstream:track)%00%(upstream:remotename)%00%(upstream:remoteref) refs/heads/main refs/remotes/main [88ms]
[2022-05-18T01:04:26.542Z] > git remote --verbose [18ms]
[2022-05-18T01:04:26.583Z] > git for-each-ref --sort -committerdate --format %(refname) %(objectname) %(*objectname) [61ms]
[2022-05-18T01:04:26.601Z] > git config --get commit.template [12ms]
[2022-05-18T01:05:07.790Z] > git add -A -- . [2028ms]
[2022-05-18T01:05:09.291Z] > git -c user.useConfigOnly=true commit --quiet --allow-empty-message --file - [1497ms]
[2022-05-18T01:05:10.545Z] > git status -z -uall [1250ms]
[2022-05-18T01:05:10.574Z] > git symbolic-ref --short HEAD [26ms]
[2022-05-18T01:05:10.671Z] > git for-each-ref --format=%(refname)%00%(upstream:short)%00%(objectname)%00%(upstream:track)%00%(upstream:remotename)%00%(upstream:remoteref) refs/heads/main refs/remotes/main [94ms]
[2022-05-18T01:05:10.691Z] > git remote --verbose [15ms]
[2022-05-18T01:05:10.725Z] > git for-each-ref --sort -committerdate --format %(refname) %(objectname) %(*objectname) [51ms]
[2022-05-18T01:05:10.744Z] > git config --get commit.template [12ms]
[2022-05-18T01:06:29.005Z] > git push origin main:main [2824ms]
[2022-05-18T01:06:29.005Z] To https://github.com/tlovellcpc/workspace.git
   cd1ca51..2bec6e3  main -> main
[2022-05-18T01:06:30.450Z] > git status -z -uall [1441ms]
[2022-05-18T01:06:30.472Z] > git symbolic-ref --short HEAD [19ms]
[2022-05-18T01:06:30.544Z] > git for-each-ref --format=%(refname)%00%(upstream:short)%00%(objectname)%00%(upstream:track)%00%(upstream:remotename)%00%(upstream:remoteref) refs/heads/main refs/remotes/main [68ms]
[2022-05-18T01:06:30.563Z] > git remote --verbose [14ms]
[2022-05-18T01:06:30.595Z] > git for-each-ref --sort -committerdate --format %(refname) %(objectname) %(*objectname) [48ms]
[2022-05-18T01:06:30.620Z] > git config --get commit.template [13ms]
[2022-05-18T01:12:03.926Z] > git fetch [426ms]
[2022-05-18T01:12:05.116Z] > git status -z -uall [1187ms]
[2022-05-18T01:12:05.141Z] > git symbolic-ref --short HEAD [22ms]
[2022-05-18T01:12:05.200Z] > git for-each-ref --format=%(refname)%00%(upstream:short)%00%(objectname)%00%(upstream:track)%00%(upstream:remotename)%00%(upstream:remoteref) refs/heads/main refs/remotes/main [56ms]
[2022-05-18T01:12:05.225Z] > git remote --verbose [20ms]
[2022-05-18T01:12:05.253Z] > git for-each-ref --sort -committerdate --format %(refname) %(objectname) %(*objectname) [50ms]
[2022-05-18T01:12:05.270Z] > git config --get commit.template [12ms]
[2022-05-18T01:23:23.089Z] > git fetch [514ms]
[2022-05-18T01:23:24.209Z] > git status -z -uall [1116ms]
[2022-05-18T01:23:24.239Z] > git symbolic-ref --short HEAD [26ms]
[2022-05-18T01:23:24.310Z] > git for-each-ref --format=%(refname)%00%(upstream:short)%00%(objectname)%00%(upstream:track)%00%(upstream:remotename)%00%(upstream:remoteref) refs/heads/main refs/remotes/main [68ms]
[2022-05-18T01:23:24.329Z] > git remote --verbose [13ms]
[2022-05-18T01:23:24.358Z] > git for-each-ref --sort -committerdate --format %(refname) %(objectname) %(*objectname) [44ms]
[2022-05-18T01:23:24.381Z] > git config --get commit.template [11ms]
[2022-05-18T01:24:46.879Z] > git status -z -uall [1308ms]
[2022-05-18T01:24:46.905Z] > git symbolic-ref --short HEAD [23ms]
[2022-05-18T01:24:46.980Z] > git for-each-ref --format=%(refname)%00%(upstream:short)%00%(objectname)%00%(upstream:track)%00%(upstream:remotename)%00%(upstream:remoteref) refs/heads/main refs/remotes/main [71ms]
[2022-05-18T01:24:47.000Z] > git remote --verbose [13ms]
[2022-05-18T01:24:47.032Z] > git for-each-ref --sort -committerdate --format %(refname) %(objectname) %(*objectname) [48ms]
[2022-05-18T01:24:47.051Z] > git config --get commit.template [12ms]
[2022-05-18T01:24:47.684Z] > git check-ignore -v -z --stdin [25ms]
[2022-05-18T01:26:24.772Z] > git fetch [385ms]
[2022-05-18T01:26:25.892Z] > git status -z -uall [1117ms]
[2022-05-18T01:26:25.918Z] > git symbolic-ref --short HEAD [23ms]
[2022-05-18T01:26:25.976Z] > git for-each-ref --format=%(refname)%00%(upstream:short)%00%(objectname)%00%(upstream:track)%00%(upstream:remotename)%00%(upstream:remoteref) refs/heads/main refs/remotes/main [55ms]
[2022-05-18T01:26:25.993Z] > git remote --verbose [12ms]
[2022-05-18T01:26:26.020Z] > git for-each-ref --sort -committerdate --format %(refname) %(objectname) %(*objectname) [41ms]
[2022-05-18T01:26:26.036Z] > git config --get commit.template [9ms]
[2022-05-18T01:28:48.770Z] > git status -z -uall [1244ms]
[2022-05-18T01:28:48.791Z] > git symbolic-ref --short HEAD [18ms]
[2022-05-18T01:28:48.851Z] > git for-each-ref --format=%(refname)%00%(upstream:short)%00%(objectname)%00%(upstream:track)%00%(upstream:remotename)%00%(upstream:remoteref) refs/heads/main refs/remotes/main [57ms]
[2022-05-18T01:28:48.867Z] > git remote --verbose [11ms]
[2022-05-18T01:28:48.889Z] > git for-each-ref --sort -committerdate --format %(refname) %(objectname) %(*objectname) [35ms]
[2022-05-18T01:28:48.906Z] > git config --get commit.template [11ms]
[2022-05-18T01:28:49.535Z] > git check-ignore -v -z --stdin [25ms]
