[2022-04-26T23:03:21.925Z] Validating found git in: git
[2022-04-26T23:03:21.954Z] Using git 2.30.0 from git
[2022-04-26T23:03:43.760Z] > git init [151ms]
[2022-04-26T23:03:43.787Z] > git rev-parse --git-dir [9ms]
[2022-04-26T23:03:43.791Z] Open repository: /home/user/workspace
[2022-04-26T23:03:44.133Z] > git ls-files --stage -- /home/user/workspace/.vscode/launch.json [16ms]
[2022-04-26T23:03:44.172Z] > git symbolic-ref --short HEAD [20ms]
[2022-04-26T23:03:44.197Z] > git for-each-ref --format=%(refname)%00%(upstream:short)%00%(objectname)%00%(upstream:track) refs/heads/main refs/remotes/main [22ms]
[2022-04-26T23:03:44.221Z] > git remote --verbose [19ms]
[2022-04-26T23:03:44.223Z] > git for-each-ref --sort -committerdate --format %(refname) %(objectname) %(*objectname) [23ms]
[2022-04-26T23:03:44.246Z] > git config --get commit.template [8ms]
[2022-04-26T23:03:53.109Z] > git add -A -- . [9310ms]
[2022-04-26T23:03:55.636Z] > git -c user.useConfigOnly=true commit --quiet --allow-empty-message --file - [2523ms]
[2022-04-26T23:03:57.004Z] > git symbolic-ref --short HEAD [25ms]
[2022-04-26T23:03:57.049Z] > git for-each-ref --format=%(refname)%00%(upstream:short)%00%(objectname)%00%(upstream:track) refs/heads/main refs/remotes/main [42ms]
[2022-04-26T23:03:57.070Z] > git remote --verbose [16ms]
[2022-04-26T23:03:57.087Z] > git for-each-ref --sort -committerdate --format %(refname) %(objectname) %(*objectname) [35ms]
[2022-04-26T23:03:57.107Z] > git config --get commit.template [12ms]
[2022-04-26T23:03:57.142Z] > git symbolic-ref --short HEAD [31ms]
[2022-04-26T23:03:57.191Z] > git remote add origin https://github.com/tlovellcpc/workspace.git [46ms]
[2022-04-26T23:03:58.564Z] > git symbolic-ref --short HEAD [28ms]
[2022-04-26T23:03:58.609Z] > git for-each-ref --format=%(refname)%00%(upstream:short)%00%(objectname)%00%(upstream:track) refs/heads/main refs/remotes/main [42ms]
[2022-04-26T23:03:58.630Z] > git remote --verbose [16ms]
[2022-04-26T23:03:58.647Z] > git for-each-ref --sort -committerdate --format %(refname) %(objectname) %(*objectname) [35ms]
[2022-04-26T23:03:58.665Z] > git config --get commit.template [13ms]
[2022-04-26T23:04:06.023Z] > git push -u origin main [7354ms]
[2022-04-26T23:04:06.023Z] To https://github.com/tlovellcpc/workspace.git
 * [new branch]      main -> main
[2022-04-26T23:04:07.357Z] > git symbolic-ref --short HEAD [17ms]
[2022-04-26T23:04:07.419Z] > git for-each-ref --format=%(refname)%00%(upstream:short)%00%(objectname)%00%(upstream:track) refs/heads/main refs/remotes/main [59ms]
[2022-04-26T23:04:07.439Z] > git remote --verbose [15ms]
[2022-04-26T23:04:07.459Z] > git for-each-ref --sort -committerdate --format %(refname) %(objectname) %(*objectname) [37ms]
[2022-04-26T23:04:07.473Z] > git config --get commit.template [9ms]
[2022-04-26T23:04:09.841Z] > git symbolic-ref --short HEAD [23ms]
[2022-04-26T23:04:09.909Z] > git for-each-ref --format=%(refname)%00%(upstream:short)%00%(objectname)%00%(upstream:track) refs/heads/main refs/remotes/main [65ms]
[2022-04-26T23:04:09.928Z] > git remote --verbose [14ms]
[2022-04-26T23:04:09.949Z] > git for-each-ref --sort -committerdate --format %(refname) %(objectname) %(*objectname) [37ms]
[2022-04-26T23:04:09.965Z] > git config --get commit.template [11ms]
[2022-04-26T23:04:16.087Z] > git symbolic-ref --short HEAD [21ms]
[2022-04-26T23:04:16.151Z] > git for-each-ref --format=%(refname)%00%(upstream:short)%00%(objectname)%00%(upstream:track) refs/heads/main refs/remotes/main [60ms]
[2022-04-26T23:04:16.169Z] > git remote --verbose [12ms]
[2022-04-26T23:04:16.191Z] > git for-each-ref --sort -committerdate --format %(refname) %(objectname) %(*objectname) [36ms]
[2022-04-26T23:04:16.205Z] > git config --get commit.template [10ms]
[2022-04-26T23:04:22.408Z] > git symbolic-ref --short HEAD [28ms]
[2022-04-26T23:04:22.482Z] > git for-each-ref --format=%(refname)%00%(upstream:short)%00%(objectname)%00%(upstream:track) refs/heads/main refs/remotes/main [71ms]
[2022-04-26T23:04:22.503Z] > git remote --verbose [16ms]
[2022-04-26T23:04:22.532Z] > git for-each-ref --sort -committerdate --format %(refname) %(objectname) %(*objectname) [47ms]
[2022-04-26T23:04:22.548Z] > git config --get commit.template [12ms]
[2022-04-26T23:04:26.320Z] > git ls-files --stage -- /home/user/workspace/casino.cpp [15ms]
[2022-04-26T23:04:26.356Z] > git cat-file -s 63e88db200027af5b6c8a4192044e4eee193d5b0 [32ms]
[2022-04-26T23:04:28.812Z] > git symbolic-ref --short HEAD [19ms]
[2022-04-26T23:04:28.878Z] > git for-each-ref --format=%(refname)%00%(upstream:short)%00%(objectname)%00%(upstream:track) refs/heads/main refs/remotes/main [63ms]
[2022-04-26T23:04:28.897Z] > git remote --verbose [14ms]
[2022-04-26T23:04:28.918Z] > git for-each-ref --sort -committerdate --format %(refname) %(objectname) %(*objectname) [37ms]
[2022-04-26T23:04:28.935Z] > git config --get commit.template [11ms]
[2022-04-26T23:04:36.665Z] > git symbolic-ref --short HEAD [29ms]
[2022-04-26T23:04:36.741Z] > git for-each-ref --format=%(refname)%00%(upstream:short)%00%(objectname)%00%(upstream:track) refs/heads/main refs/remotes/main [73ms]
[2022-04-26T23:04:36.765Z] > git remote --verbose [18ms]
[2022-04-26T23:04:36.791Z] > git for-each-ref --sort -committerdate --format %(refname) %(objectname) %(*objectname) [46ms]
[2022-04-26T23:04:36.811Z] > git config --get commit.template [13ms]
[2022-04-26T23:04:43.026Z] > git symbolic-ref --short HEAD [21ms]
[2022-04-26T23:04:43.096Z] > git for-each-ref --format=%(refname)%00%(upstream:short)%00%(objectname)%00%(upstream:track) refs/heads/main refs/remotes/main [67ms]
[2022-04-26T23:04:43.116Z] > git remote --verbose [14ms]
[2022-04-26T23:04:43.133Z] > git for-each-ref --sort -committerdate --format %(refname) %(objectname) %(*objectname) [34ms]
[2022-04-26T23:04:43.149Z] > git config --get commit.template [11ms]
[2022-04-26T23:04:58.356Z] > git symbolic-ref --short HEAD [35ms]
[2022-04-26T23:04:58.436Z] > git for-each-ref --format=%(refname)%00%(upstream:short)%00%(objectname)%00%(upstream:track) refs/heads/main refs/remotes/main [77ms]
[2022-04-26T23:04:58.461Z] > git remote --verbose [19ms]
[2022-04-26T23:04:58.485Z] > git for-each-ref --sort -committerdate --format %(refname) %(objectname) %(*objectname) [45ms]
[2022-04-26T23:04:58.503Z] > git config --get commit.template [12ms]
[2022-04-26T23:05:02.507Z] > git log --format=%H%n%aN%n%aE%n%at%n%ct%n%P%n%B -z -n21 -- /home/user/workspace/casino.cpp [54ms]
