[2022-04-26 22:22:48.322] [exthost] [info] Extension host with pid 250 started
[2022-04-26 22:22:48.337] [exthost] [info] Lock '/home/user/.vscode-server/data/User/workspaceStorage/b25df20644c5435e566465af9211350b/vscode.lock': Lock acquired.
[2022-04-26 22:22:48.761] [exthost] [info] ExtensionService#_doActivateExtension llvm-vs-code-extensions.vscode-clangd, startup: false, activationEvent: 'onLanguage:cpp'
[2022-04-26 22:22:56.993] [exthost] [info] ExtensionService#_doActivateExtension vscode.debug-auto-launch, startup: true, activationEvent: '*'
[2022-04-26 22:22:56.996] [exthost] [info] ExtensionService#_doActivateExtension vscode.git-base, startup: true, activationEvent: '*', root cause: vscode.git
[2022-04-26 22:22:56.999] [exthost] [info] ExtensionService#_doActivateExtension vscode.ipynb, startup: true, activationEvent: '*'
[2022-04-26 22:22:57.075] [exthost] [info] ExtensionService#_doActivateExtension vscode.git, startup: true, activationEvent: '*'
[2022-04-26 22:22:57.119] [exthost] [info] ExtensionService#_doActivateExtension vscode.github, startup: true, activationEvent: '*'
[2022-04-26 22:22:57.264] [exthost] [info] ExtensionService#_doActivateExtension vscode.emmet, startup: false, activationEvent: 'onStartupFinished'
[2022-04-26 22:22:57.275] [exthost] [info] ExtensionService#_doActivateExtension vscode.merge-conflict, startup: false, activationEvent: 'onStartupFinished'
[2022-04-26 22:22:57.278] [exthost] [info] Eager extensions activated
[2022-04-26 22:29:12.299] [exthost] [info] ExtensionService#_doActivateExtension vscode.debug-server-ready, startup: false, activationEvent: 'onDebugResolve'
[2022-04-26 22:30:28.486] [exthost] [info] ExtensionService#_doActivateExtension vscode.configuration-editing, startup: false, activationEvent: 'onLanguage:jsonc'
[2022-04-26 22:30:28.492] [exthost] [info] ExtensionService#_doActivateExtension vscode.json-language-features, startup: false, activationEvent: 'onLanguage:jsonc'
[2022-04-26 22:30:28.534] [exthost] [info] ExtensionService#_doActivateExtension vscode.typescript-language-features, startup: false, activationEvent: 'onLanguage:jsonc'
[2022-04-26 22:33:12.081] [exthost] [error] [llvm-vs-code-extensions.vscode-clangd] provider FAILED
[2022-04-26 22:33:12.081] [exthost] [error] {"_isCancelled":true,"_emitter":null}
[2022-04-26 22:34:20.284] [exthost] [error] [llvm-vs-code-extensions.vscode-clangd] provider FAILED
[2022-04-26 22:34:20.284] [exthost] [error] {"_isCancelled":true,"_emitter":null}
[2022-04-26 22:49:59.531] [exthost] [info] extension host terminating: received terminate message from renderer
[2022-04-26 22:49:59.532] [exthost] [info] Lock '/home/user/.vscode-server/data/User/workspaceStorage/b25df20644c5435e566465af9211350b/vscode.lock': Marking the lockfile as scheduled to be released in 6000 ms.
[2022-04-26 22:49:59.554] [exthost] [info] Extension host with pid 250 exiting with code 0
